<?xml version="1.0" encoding="UTF-8"?>
<!-- Generated by org.testng.reporters.JUnitReportReporter -->
<testsuite hostname="Mypc" name="com.orgHRM.Tests.grid" tests="2" failures="0" timestamp="21 Aug 2016 07:09:24 GMT" time="82.059" errors="0">
  <testcase name="gd" time="43.095" classname="com.orgHRM.Tests.grid"/>
  <testcase name="gd" time="38.964" classname="com.orgHRM.Tests.grid"/>
</testsuite> <!-- com.orgHRM.Tests.grid -->
