<?xml version="1.0" encoding="UTF-8"?>
<!-- Generated by org.testng.reporters.JUnitReportReporter -->
<testsuite hostname="Mypc" name="com.orgHRM.testNG.userregTest" tests="1" failures="0" timestamp="20 Aug 2016 07:49:20 GMT" time="16.575" errors="0">
  <testcase name="org_userreg" time="16.575" classname="com.orgHRM.testNG.userregTest"/>
</testsuite> <!-- com.orgHRM.testNG.userregTest -->
