<?xml version="1.0" encoding="UTF-8"?>
<!-- Generated by org.testng.reporters.JUnitReportReporter -->
<testsuite hostname="Mypc" name="com.orgHRM.testNG.basicAnnotations" tests="3" failures="0" timestamp="20 Aug 2016 07:13:21 GMT" time="0.031" errors="0">
  <testcase name="function2" time="0.006" classname="com.orgHRM.testNG.basicAnnotations"/>
  <testcase name="function1" time="0.013" classname="com.orgHRM.testNG.basicAnnotations"/>
  <testcase name="a" time="0.012" classname="com.orgHRM.testNG.basicAnnotations"/>
</testsuite> <!-- com.orgHRM.testNG.basicAnnotations -->
