<?xml version="1.0" encoding="UTF-8"?>
<!-- Generated by org.testng.reporters.JUnitReportReporter -->
<testsuite hostname="Mypc" name="com.orgHRM.Tests.datap" tests="3" failures="0" timestamp="20 Aug 2016 08:53:30 GMT" time="34.066" errors="0">
  <testcase name="bLaunch" time="19.257" classname="com.orgHRM.Tests.datap"/>
  <testcase name="bLaunch" time="8.438" classname="com.orgHRM.Tests.datap"/>
  <testcase name="bLaunch" time="6.371" classname="com.orgHRM.Tests.datap"/>
</testsuite> <!-- com.orgHRM.Tests.datap -->
