<?xml version="1.0" encoding="UTF-8"?>
<!-- Generated by org.testng.reporters.JUnitReportReporter -->
<testsuite hostname="Mypc" name="POM.loginTC" tests="1" failures="0" timestamp="20 Aug 2016 11:38:50 GMT" time="13.848" errors="0">
  <testcase name="login" time="13.848" classname="POM.loginTC"/>
</testsuite> <!-- POM.loginTC -->
