<?xml version="1.0" encoding="UTF-8"?>
<!-- Generated by org.testng.reporters.JUnitReportReporter -->
<testsuite hostname="Mypc" name="com.orgHRM.testNG.empregTest" tests="1" failures="0" timestamp="20 Aug 2016 07:49:20 GMT" time="7.525" errors="0">
  <testcase name="org_empreg" time="7.525" classname="com.orgHRM.testNG.empregTest"/>
</testsuite> <!-- com.orgHRM.testNG.empregTest -->
