<?xml version="1.0" encoding="UTF-8"?>
<!-- Generated by org.testng.reporters.JUnitReportReporter -->
<testsuite hostname="Mypc" name="com.orgHRM.Tests.keyword" tests="1" failures="0" timestamp="20 Aug 2016 09:52:07 GMT" time="72.575" errors="0">
  <testcase name="driverscript" time="72.575" classname="com.orgHRM.Tests.keyword"/>
</testsuite> <!-- com.orgHRM.Tests.keyword -->
